<?xml version="1.0" encoding="UTF-8"?>
<testng-results skipped="0" failed="0" total="1" passed="1">
  <reporter-output>
  </reporter-output>
  <suite name="Default suite" duration-ms="85" started-at="2018-06-07T00:32:32Z" finished-at="2018-06-07T00:32:32Z">
    <groups>
    </groups>
    <test name="Default test" duration-ms="85" started-at="2018-06-07T00:32:32Z" finished-at="2018-06-07T00:32:32Z">
      <class name="TestPackage.TestFile">
        <test-method status="PASS" signature="test()[pri:0, instance:TestPackage.TestFile@12843fce]" name="test" duration-ms="21" started-at="2018-06-06T20:32:32Z" finished-at="2018-06-06T20:32:32Z">
          <reporter-output>
          </reporter-output>
        </test-method> <!-- test -->
      </class> <!-- TestPackage.TestFile -->
    </test> <!-- Default test -->
  </suite> <!-- Default suite -->
</testng-results>
